2016-03-17 06:05:52 [::1][-][-][error][yii\base\InvalidParamException] exception 'yii\base\InvalidParamException' with message 'The view file does not exist: C:\wamp64\www\basic\views\site\say.php' in C:\wamp64\www\basic\vendor\yiisoft\yii2\base\View.php:226
Stack trace:
#0 C:\wamp64\www\basic\vendor\yiisoft\yii2\base\View.php(149): yii\base\View->renderFile('C:\\wamp64\\www\\b...', Array, Object(app\controllers\SiteController))
#1 C:\wamp64\www\basic\vendor\yiisoft\yii2\base\Controller.php(377): yii\base\View->render('say', Array, Object(app\controllers\SiteController))
#2 C:\wamp64\www\basic\controllers\SiteController.php(97): yii\base\Controller->render('say', Array)
#3 [internal function]: app\controllers\SiteController->actionSay('Hello World')
#4 C:\wamp64\www\basic\vendor\yiisoft\yii2\base\InlineAction.php(55): call_user_func_array(Array, Array)
#5 C:\wamp64\www\basic\vendor\yiisoft\yii2\base\Controller.php(154): yii\base\InlineAction->runWithParams(Array)
#6 C:\wamp64\www\basic\vendor\yiisoft\yii2\base\Module.php(454): yii\base\Controller->runAction('say', Array)
#7 C:\wamp64\www\basic\vendor\yiisoft\yii2\web\Application.php(84): yii\base\Module->runAction('site/say', Array)
#8 C:\wamp64\www\basic\vendor\yiisoft\yii2\base\Application.php(375): yii\web\Application->handleRequest(Object(yii\web\Request))
#9 C:\wamp64\www\basic\web\index.php(12): yii\base\Application->run()
#10 {main}
2016-03-17 06:05:52 [::1][-][-][info][application] $_GET = [
    'r' => 'site/say'
    'message' => 'Hello World'
]

$_COOKIE = [
    'vc' => '1'
    '_csrf' => '2c4a163140d45300310035f549531b1b848e6c538867648bbef6fd2060171ddca:2:{i:0;s:5:\"_csrf\";i:1;s:32:\"k-yxzTjcQTsEt_CqD4Y6EBISZLxp8sJw\";}'
]

$_SERVER = [
    'HTTP_HOST' => 'localhost'
    'HTTP_CONNECTION' => 'keep-alive'
    'HTTP_ACCEPT' => 'text/html,application/xhtml+xml,application/xml;q=0.9,image/webp,*/*;q=0.8'
    'HTTP_UPGRADE_INSECURE_REQUESTS' => '1'
    'HTTP_USER_AGENT' => 'Mozilla/5.0 (Windows NT 6.1; WOW64) AppleWebKit/537.36 (KHTML, like Gecko) Chrome/49.0.2623.87 Safari/537.36'
    'HTTP_ACCEPT_ENCODING' => 'gzip, deflate, sdch'
    'HTTP_ACCEPT_LANGUAGE' => 'ru-RU,ru;q=0.8,en-US;q=0.6,en;q=0.4'
    'HTTP_COOKIE' => 'vc=1; _csrf=2c4a163140d45300310035f549531b1b848e6c538867648bbef6fd2060171ddca%3A2%3A%7Bi%3A0%3Bs%3A5%3A%22_csrf%22%3Bi%3A1%3Bs%3A32%3A%22k-yxzTjcQTsEt_CqD4Y6EBISZLxp8sJw%22%3B%7D'
    'PATH' => 'C:\\Windows\\system32;C:\\Windows;C:\\Windows\\System32\\Wbem;C:\\Windows\\System32\\WindowsPowerShell\\v1.0\\;C:\\Program Files (x86)\\QuickTime\\QTSystem\\;C:\\Program Files (x86)\\Skype\\Phone\\;C:\\Program Files (x86)\\Microsoft SQL Server\\100\\Tools\\Binn\\;C:\\Program Files\\Microsoft SQL Server\\100\\Tools\\Binn\\;C:\\Program Files\\Microsoft SQL Server\\100\\DTS\\Binn\\;C:\\Windows\\system32\\config\\systemprofile\\.dnx\\bin;C:\\Program Files\\Microsoft DNX\\Dnvm\\;C:\\wamp64\\bin\\php\\php7.0.0;C:\\ProgramData\\ComposerSetup\\bin;'
    'SystemRoot' => 'C:\\Windows'
    'COMSPEC' => 'C:\\Windows\\system32\\cmd.exe'
    'PATHEXT' => '.COM;.EXE;.BAT;.CMD;.VBS;.VBE;.JS;.JSE;.WSF;.WSH;.MSC'
    'WINDIR' => 'C:\\Windows'
    'SERVER_SIGNATURE' => '<address>Apache/2.4.17 (Win64) PHP/5.6.16 Server at localhost Port 80</address>
'
    'SERVER_SOFTWARE' => 'Apache/2.4.17 (Win64) PHP/5.6.16'
    'SERVER_NAME' => 'localhost'
    'SERVER_ADDR' => '::1'
    'SERVER_PORT' => '80'
    'REMOTE_ADDR' => '::1'
    'DOCUMENT_ROOT' => 'C:/wamp64/www/'
    'REQUEST_SCHEME' => 'http'
    'CONTEXT_PREFIX' => ''
    'CONTEXT_DOCUMENT_ROOT' => 'C:/wamp64/www/'
    'SERVER_ADMIN' => 'admin@example.com'
    'SCRIPT_FILENAME' => 'C:/wamp64/www/basic/web/index.php'
    'REMOTE_PORT' => '49538'
    'GATEWAY_INTERFACE' => 'CGI/1.1'
    'SERVER_PROTOCOL' => 'HTTP/1.1'
    'REQUEST_METHOD' => 'GET'
    'QUERY_STRING' => 'r=site%2Fsay&message=Hello+World'
    'REQUEST_URI' => '/basic/web/index.php?r=site%2Fsay&message=Hello+World'
    'SCRIPT_NAME' => '/basic/web/index.php'
    'PHP_SELF' => '/basic/web/index.php'
    'REQUEST_TIME_FLOAT' => 1458194752.084
    'REQUEST_TIME' => 1458194752
]
2016-03-17 17:48:29 [::1][-][-][error][yii\db\Exception] exception 'PDOException' with message 'SQLSTATE[42S02]: Base table or view not found: 1146 Table 'kat_auto.auto' doesn't exist' in C:\wamp64\www\basic\vendor\yiisoft\yii2\db\Command.php:840
Stack trace:
#0 C:\wamp64\www\basic\vendor\yiisoft\yii2\db\Command.php(840): PDOStatement->execute()
#1 C:\wamp64\www\basic\vendor\yiisoft\yii2\db\Command.php(388): yii\db\Command->queryInternal('<span class="st...', '<span class="nu...')
#2 C:\wamp64\www\basic\vendor\yiisoft\yii2\db\Query.php(393): yii\db\Command->queryScalar()
#3 C:\wamp64\www\basic\vendor\yiisoft\yii2\db\ActiveQuery.php(329): yii\db\Query->queryScalar('<span class="st...', '<span class="ke...')
#4 C:\wamp64\www\basic\vendor\yiisoft\yii2\db\Query.php(300): yii\db\ActiveQuery->queryScalar('<span class="st...', '<span class="ke...')
#5 C:\wamp64\www\basic\controllers\AutoController.php(17): yii\db\Query->count()
#6 [internal function]: app\controllers\AutoController->actionIndex()
#7 C:\wamp64\www\basic\vendor\yiisoft\yii2\base\InlineAction.php(55): call_user_func_array('[<span class="t...', '[]')
#8 C:\wamp64\www\basic\vendor\yiisoft\yii2\base\Controller.php(154): yii\base\InlineAction->runWithParams('[<span class="s...')
#9 C:\wamp64\www\basic\vendor\yiisoft\yii2\base\Module.php(454): yii\base\Controller->runAction('<span class="st...', '[<span class="s...')
#10 C:\wamp64\www\basic\vendor\yiisoft\yii2\web\Application.php(84): yii\base\Module->runAction('<span class="st...', '[<span class="s...')
#11 C:\wamp64\www\basic\vendor\yiisoft\yii2\base\Application.php(375): yii\web\Application->handleRequest(Object(yii\web\Request))
#12 C:\wamp64\www\basic\web\index.php(12): yii\base\Application->run()
#13 {main}

Next exception 'yii\db\Exception' with message 'SQLSTATE[42S02]: Base table or view not found: 1146 Table 'kat_auto.auto' doesn't exist
The SQL being executed was: SELECT COUNT(*) FROM `auto`' in C:\wamp64\www\basic\vendor\yiisoft\yii2\db\Schema.php:628
Stack trace:
#0 C:\wamp64\www\basic\vendor\yiisoft\yii2\db\Command.php(855): yii\db\Schema->convertException(Object(PDOException), 'SELECT COUNT(*)...')
#1 C:\wamp64\www\basic\vendor\yiisoft\yii2\db\Command.php(388): yii\db\Command->queryInternal('<span class="st...', '<span class="nu...')
#2 C:\wamp64\www\basic\vendor\yiisoft\yii2\db\Query.php(393): yii\db\Command->queryScalar()
#3 C:\wamp64\www\basic\vendor\yiisoft\yii2\db\ActiveQuery.php(329): yii\db\Query->queryScalar('<span class="st...', '<span class="ke...')
#4 C:\wamp64\www\basic\vendor\yiisoft\yii2\db\Query.php(300): yii\db\ActiveQuery->queryScalar('<span class="st...', '<span class="ke...')
#5 C:\wamp64\www\basic\controllers\AutoController.php(17): yii\db\Query->count()
#6 [internal function]: app\controllers\AutoController->actionIndex()
#7 C:\wamp64\www\basic\vendor\yiisoft\yii2\base\InlineAction.php(55): call_user_func_array('[<span class="t...', '[]')
#8 C:\wamp64\www\basic\vendor\yiisoft\yii2\base\Controller.php(154): yii\base\InlineAction->runWithParams('[<span class="s...')
#9 C:\wamp64\www\basic\vendor\yiisoft\yii2\base\Module.php(454): yii\base\Controller->runAction('<span class="st...', '[<span class="s...')
#10 C:\wamp64\www\basic\vendor\yiisoft\yii2\web\Application.php(84): yii\base\Module->runAction('<span class="st...', '[<span class="s...')
#11 C:\wamp64\www\basic\vendor\yiisoft\yii2\base\Application.php(375): yii\web\Application->handleRequest(Object(yii\web\Request))
#12 C:\wamp64\www\basic\web\index.php(12): yii\base\Application->run()
#13 {main}
Additional Information:
Array
(
    [0] => 42S02
    [1] => 1146
    [2] => Table 'kat_auto.auto' doesn't exist
)

2016-03-17 17:48:29 [::1][-][-][info][application] $_GET = [
    'r' => 'auto/index'
]

$_COOKIE = [
    'vc' => '1'
    '_csrf' => '2c4a163140d45300310035f549531b1b848e6c538867648bbef6fd2060171ddca:2:{i:0;s:5:\"_csrf\";i:1;s:32:\"k-yxzTjcQTsEt_CqD4Y6EBISZLxp8sJw\";}'
    'PHPSESSID' => 'nduch9r5dlph7sqga8a0funkd0'
    '_identity' => '16f2dd4c34c30ba2410bfa18d44f3c621495a27d3dcb929730c0e685ec008291a:2:{i:0;s:9:\"_identity\";i:1;s:28:\"[\"100\",\"test100key\",2592000]\";}'
]

$_SERVER = [
    'HTTP_HOST' => 'localhost'
    'HTTP_CONNECTION' => 'keep-alive'
    'HTTP_ACCEPT' => 'text/html,application/xhtml+xml,application/xml;q=0.9,image/webp,*/*;q=0.8'
    'HTTP_UPGRADE_INSECURE_REQUESTS' => '1'
    'HTTP_USER_AGENT' => 'Mozilla/5.0 (Windows NT 6.1; WOW64) AppleWebKit/537.36 (KHTML, like Gecko) Chrome/49.0.2623.87 Safari/537.36'
    'HTTP_ACCEPT_ENCODING' => 'gzip, deflate, sdch'
    'HTTP_ACCEPT_LANGUAGE' => 'ru-RU,ru;q=0.8,en-US;q=0.6,en;q=0.4'
    'HTTP_COOKIE' => 'vc=1; _csrf=2c4a163140d45300310035f549531b1b848e6c538867648bbef6fd2060171ddca%3A2%3A%7Bi%3A0%3Bs%3A5%3A%22_csrf%22%3Bi%3A1%3Bs%3A32%3A%22k-yxzTjcQTsEt_CqD4Y6EBISZLxp8sJw%22%3B%7D; PHPSESSID=nduch9r5dlph7sqga8a0funkd0; _identity=16f2dd4c34c30ba2410bfa18d44f3c621495a27d3dcb929730c0e685ec008291a%3A2%3A%7Bi%3A0%3Bs%3A9%3A%22_identity%22%3Bi%3A1%3Bs%3A28%3A%22%5B%22100%22%2C%22test100key%22%2C2592000%5D%22%3B%7D'
    'PATH' => 'C:\\Windows\\system32;C:\\Windows;C:\\Windows\\System32\\Wbem;C:\\Windows\\System32\\WindowsPowerShell\\v1.0\\;C:\\Program Files (x86)\\QuickTime\\QTSystem\\;C:\\Program Files (x86)\\Skype\\Phone\\;C:\\Program Files (x86)\\Microsoft SQL Server\\100\\Tools\\Binn\\;C:\\Program Files\\Microsoft SQL Server\\100\\Tools\\Binn\\;C:\\Program Files\\Microsoft SQL Server\\100\\DTS\\Binn\\;C:\\Windows\\system32\\config\\systemprofile\\.dnx\\bin;C:\\Program Files\\Microsoft DNX\\Dnvm\\;C:\\wamp64\\bin\\php\\php7.0.0;C:\\ProgramData\\ComposerSetup\\bin;'
    'SystemRoot' => 'C:\\Windows'
    'COMSPEC' => 'C:\\Windows\\system32\\cmd.exe'
    'PATHEXT' => '.COM;.EXE;.BAT;.CMD;.VBS;.VBE;.JS;.JSE;.WSF;.WSH;.MSC'
    'WINDIR' => 'C:\\Windows'
    'SERVER_SIGNATURE' => '<address>Apache/2.4.17 (Win64) PHP/5.6.16 Server at localhost Port 80</address>
'
    'SERVER_SOFTWARE' => 'Apache/2.4.17 (Win64) PHP/5.6.16'
    'SERVER_NAME' => 'localhost'
    'SERVER_ADDR' => '::1'
    'SERVER_PORT' => '80'
    'REMOTE_ADDR' => '::1'
    'DOCUMENT_ROOT' => 'C:/wamp64/www/'
    'REQUEST_SCHEME' => 'http'
    'CONTEXT_PREFIX' => ''
    'CONTEXT_DOCUMENT_ROOT' => 'C:/wamp64/www/'
    'SERVER_ADMIN' => 'admin@example.com'
    'SCRIPT_FILENAME' => 'C:/wamp64/www/basic/web/index.php'
    'REMOTE_PORT' => '53365'
    'GATEWAY_INTERFACE' => 'CGI/1.1'
    'SERVER_PROTOCOL' => 'HTTP/1.1'
    'REQUEST_METHOD' => 'GET'
    'QUERY_STRING' => 'r=auto%2Findex'
    'REQUEST_URI' => '/basic/web/index.php?r=auto%2Findex'
    'SCRIPT_NAME' => '/basic/web/index.php'
    'PHP_SELF' => '/basic/web/index.php'
    'REQUEST_TIME_FLOAT' => 1458236909.643
    'REQUEST_TIME' => 1458236909
]
2016-03-17 17:53:25 [::1][-][-][error][yii\db\Exception] exception 'PDOException' with message 'SQLSTATE[42S02]: Base table or view not found: 1146 Table 'kat_auto.auto' doesn't exist' in C:\wamp64\www\basic\vendor\yiisoft\yii2\db\Command.php:840
Stack trace:
#0 C:\wamp64\www\basic\vendor\yiisoft\yii2\db\Command.php(840): PDOStatement->execute()
#1 C:\wamp64\www\basic\vendor\yiisoft\yii2\db\Command.php(388): yii\db\Command->queryInternal('<span class="st...', '<span class="nu...')
#2 C:\wamp64\www\basic\vendor\yiisoft\yii2\db\Query.php(393): yii\db\Command->queryScalar()
#3 C:\wamp64\www\basic\vendor\yiisoft\yii2\db\ActiveQuery.php(329): yii\db\Query->queryScalar('<span class="st...', '<span class="ke...')
#4 C:\wamp64\www\basic\vendor\yiisoft\yii2\db\Query.php(300): yii\db\ActiveQuery->queryScalar('<span class="st...', '<span class="ke...')
#5 C:\wamp64\www\basic\controllers\AutoController.php(17): yii\db\Query->count()
#6 [internal function]: app\controllers\AutoController->actionIndex()
#7 C:\wamp64\www\basic\vendor\yiisoft\yii2\base\InlineAction.php(55): call_user_func_array('[<span class="t...', '[]')
#8 C:\wamp64\www\basic\vendor\yiisoft\yii2\base\Controller.php(154): yii\base\InlineAction->runWithParams('[<span class="s...')
#9 C:\wamp64\www\basic\vendor\yiisoft\yii2\base\Module.php(454): yii\base\Controller->runAction('<span class="st...', '[<span class="s...')
#10 C:\wamp64\www\basic\vendor\yiisoft\yii2\web\Application.php(84): yii\base\Module->runAction('<span class="st...', '[<span class="s...')
#11 C:\wamp64\www\basic\vendor\yiisoft\yii2\base\Application.php(375): yii\web\Application->handleRequest(Object(yii\web\Request))
#12 C:\wamp64\www\basic\web\index.php(12): yii\base\Application->run()
#13 {main}

Next exception 'yii\db\Exception' with message 'SQLSTATE[42S02]: Base table or view not found: 1146 Table 'kat_auto.auto' doesn't exist
The SQL being executed was: SELECT COUNT(*) FROM `auto`' in C:\wamp64\www\basic\vendor\yiisoft\yii2\db\Schema.php:628
Stack trace:
#0 C:\wamp64\www\basic\vendor\yiisoft\yii2\db\Command.php(855): yii\db\Schema->convertException(Object(PDOException), 'SELECT COUNT(*)...')
#1 C:\wamp64\www\basic\vendor\yiisoft\yii2\db\Command.php(388): yii\db\Command->queryInternal('<span class="st...', '<span class="nu...')
#2 C:\wamp64\www\basic\vendor\yiisoft\yii2\db\Query.php(393): yii\db\Command->queryScalar()
#3 C:\wamp64\www\basic\vendor\yiisoft\yii2\db\ActiveQuery.php(329): yii\db\Query->queryScalar('<span class="st...', '<span class="ke...')
#4 C:\wamp64\www\basic\vendor\yiisoft\yii2\db\Query.php(300): yii\db\ActiveQuery->queryScalar('<span class="st...', '<span class="ke...')
#5 C:\wamp64\www\basic\controllers\AutoController.php(17): yii\db\Query->count()
#6 [internal function]: app\controllers\AutoController->actionIndex()
#7 C:\wamp64\www\basic\vendor\yiisoft\yii2\base\InlineAction.php(55): call_user_func_array('[<span class="t...', '[]')
#8 C:\wamp64\www\basic\vendor\yiisoft\yii2\base\Controller.php(154): yii\base\InlineAction->runWithParams('[<span class="s...')
#9 C:\wamp64\www\basic\vendor\yiisoft\yii2\base\Module.php(454): yii\base\Controller->runAction('<span class="st...', '[<span class="s...')
#10 C:\wamp64\www\basic\vendor\yiisoft\yii2\web\Application.php(84): yii\base\Module->runAction('<span class="st...', '[<span class="s...')
#11 C:\wamp64\www\basic\vendor\yiisoft\yii2\base\Application.php(375): yii\web\Application->handleRequest(Object(yii\web\Request))
#12 C:\wamp64\www\basic\web\index.php(12): yii\base\Application->run()
#13 {main}
Additional Information:
Array
(
    [0] => 42S02
    [1] => 1146
    [2] => Table 'kat_auto.auto' doesn't exist
)

2016-03-17 17:53:24 [::1][-][-][info][application] $_GET = [
    'r' => 'auto/index'
]

$_COOKIE = [
    'vc' => '1'
    '_csrf' => '2c4a163140d45300310035f549531b1b848e6c538867648bbef6fd2060171ddca:2:{i:0;s:5:\"_csrf\";i:1;s:32:\"k-yxzTjcQTsEt_CqD4Y6EBISZLxp8sJw\";}'
    'PHPSESSID' => 'nduch9r5dlph7sqga8a0funkd0'
    '_identity' => '16f2dd4c34c30ba2410bfa18d44f3c621495a27d3dcb929730c0e685ec008291a:2:{i:0;s:9:\"_identity\";i:1;s:28:\"[\"100\",\"test100key\",2592000]\";}'
]

$_SERVER = [
    'HTTP_HOST' => 'localhost'
    'HTTP_CONNECTION' => 'keep-alive'
    'HTTP_CACHE_CONTROL' => 'max-age=0'
    'HTTP_ACCEPT' => 'text/html,application/xhtml+xml,application/xml;q=0.9,image/webp,*/*;q=0.8'
    'HTTP_UPGRADE_INSECURE_REQUESTS' => '1'
    'HTTP_USER_AGENT' => 'Mozilla/5.0 (Windows NT 6.1; WOW64) AppleWebKit/537.36 (KHTML, like Gecko) Chrome/49.0.2623.87 Safari/537.36'
    'HTTP_ACCEPT_ENCODING' => 'gzip, deflate, sdch'
    'HTTP_ACCEPT_LANGUAGE' => 'ru-RU,ru;q=0.8,en-US;q=0.6,en;q=0.4'
    'HTTP_COOKIE' => 'vc=1; _csrf=2c4a163140d45300310035f549531b1b848e6c538867648bbef6fd2060171ddca%3A2%3A%7Bi%3A0%3Bs%3A5%3A%22_csrf%22%3Bi%3A1%3Bs%3A32%3A%22k-yxzTjcQTsEt_CqD4Y6EBISZLxp8sJw%22%3B%7D; PHPSESSID=nduch9r5dlph7sqga8a0funkd0; _identity=16f2dd4c34c30ba2410bfa18d44f3c621495a27d3dcb929730c0e685ec008291a%3A2%3A%7Bi%3A0%3Bs%3A9%3A%22_identity%22%3Bi%3A1%3Bs%3A28%3A%22%5B%22100%22%2C%22test100key%22%2C2592000%5D%22%3B%7D'
    'PATH' => 'C:\\Windows\\system32;C:\\Windows;C:\\Windows\\System32\\Wbem;C:\\Windows\\System32\\WindowsPowerShell\\v1.0\\;C:\\Program Files (x86)\\QuickTime\\QTSystem\\;C:\\Program Files (x86)\\Skype\\Phone\\;C:\\Program Files (x86)\\Microsoft SQL Server\\100\\Tools\\Binn\\;C:\\Program Files\\Microsoft SQL Server\\100\\Tools\\Binn\\;C:\\Program Files\\Microsoft SQL Server\\100\\DTS\\Binn\\;C:\\Windows\\system32\\config\\systemprofile\\.dnx\\bin;C:\\Program Files\\Microsoft DNX\\Dnvm\\;C:\\wamp64\\bin\\php\\php7.0.0;C:\\ProgramData\\ComposerSetup\\bin;'
    'SystemRoot' => 'C:\\Windows'
    'COMSPEC' => 'C:\\Windows\\system32\\cmd.exe'
    'PATHEXT' => '.COM;.EXE;.BAT;.CMD;.VBS;.VBE;.JS;.JSE;.WSF;.WSH;.MSC'
    'WINDIR' => 'C:\\Windows'
    'SERVER_SIGNATURE' => '<address>Apache/2.4.17 (Win64) PHP/5.6.16 Server at localhost Port 80</address>
'
    'SERVER_SOFTWARE' => 'Apache/2.4.17 (Win64) PHP/5.6.16'
    'SERVER_NAME' => 'localhost'
    'SERVER_ADDR' => '::1'
    'SERVER_PORT' => '80'
    'REMOTE_ADDR' => '::1'
    'DOCUMENT_ROOT' => 'C:/wamp64/www/'
    'REQUEST_SCHEME' => 'http'
    'CONTEXT_PREFIX' => ''
    'CONTEXT_DOCUMENT_ROOT' => 'C:/wamp64/www/'
    'SERVER_ADMIN' => 'admin@example.com'
    'SCRIPT_FILENAME' => 'C:/wamp64/www/basic/web/index.php'
    'REMOTE_PORT' => '53416'
    'GATEWAY_INTERFACE' => 'CGI/1.1'
    'SERVER_PROTOCOL' => 'HTTP/1.1'
    'REQUEST_METHOD' => 'GET'
    'QUERY_STRING' => 'r=auto%2Findex'
    'REQUEST_URI' => '/basic/web/index.php?r=auto%2Findex'
    'SCRIPT_NAME' => '/basic/web/index.php'
    'PHP_SELF' => '/basic/web/index.php'
    'REQUEST_TIME_FLOAT' => 1458237204.963
    'REQUEST_TIME' => 1458237204
]
2016-03-17 17:53:29 [::1][-][-][error][yii\db\Exception] exception 'PDOException' with message 'SQLSTATE[42S02]: Base table or view not found: 1146 Table 'kat_auto.auto' doesn't exist' in C:\wamp64\www\basic\vendor\yiisoft\yii2\db\Command.php:840
Stack trace:
#0 C:\wamp64\www\basic\vendor\yiisoft\yii2\db\Command.php(840): PDOStatement->execute()
#1 C:\wamp64\www\basic\vendor\yiisoft\yii2\db\Command.php(388): yii\db\Command->queryInternal('<span class="st...', '<span class="nu...')
#2 C:\wamp64\www\basic\vendor\yiisoft\yii2\db\Query.php(393): yii\db\Command->queryScalar()
#3 C:\wamp64\www\basic\vendor\yiisoft\yii2\db\ActiveQuery.php(329): yii\db\Query->queryScalar('<span class="st...', '<span class="ke...')
#4 C:\wamp64\www\basic\vendor\yiisoft\yii2\db\Query.php(300): yii\db\ActiveQuery->queryScalar('<span class="st...', '<span class="ke...')
#5 C:\wamp64\www\basic\controllers\AutoController.php(17): yii\db\Query->count()
#6 [internal function]: app\controllers\AutoController->actionIndex()
#7 C:\wamp64\www\basic\vendor\yiisoft\yii2\base\InlineAction.php(55): call_user_func_array('[<span class="t...', '[]')
#8 C:\wamp64\www\basic\vendor\yiisoft\yii2\base\Controller.php(154): yii\base\InlineAction->runWithParams('[<span class="s...')
#9 C:\wamp64\www\basic\vendor\yiisoft\yii2\base\Module.php(454): yii\base\Controller->runAction('<span class="st...', '[<span class="s...')
#10 C:\wamp64\www\basic\vendor\yiisoft\yii2\web\Application.php(84): yii\base\Module->runAction('<span class="st...', '[<span class="s...')
#11 C:\wamp64\www\basic\vendor\yiisoft\yii2\base\Application.php(375): yii\web\Application->handleRequest(Object(yii\web\Request))
#12 C:\wamp64\www\basic\web\index.php(12): yii\base\Application->run()
#13 {main}

Next exception 'yii\db\Exception' with message 'SQLSTATE[42S02]: Base table or view not found: 1146 Table 'kat_auto.auto' doesn't exist
The SQL being executed was: SELECT COUNT(*) FROM `auto`' in C:\wamp64\www\basic\vendor\yiisoft\yii2\db\Schema.php:628
Stack trace:
#0 C:\wamp64\www\basic\vendor\yiisoft\yii2\db\Command.php(855): yii\db\Schema->convertException(Object(PDOException), 'SELECT COUNT(*)...')
#1 C:\wamp64\www\basic\vendor\yiisoft\yii2\db\Command.php(388): yii\db\Command->queryInternal('<span class="st...', '<span class="nu...')
#2 C:\wamp64\www\basic\vendor\yiisoft\yii2\db\Query.php(393): yii\db\Command->queryScalar()
#3 C:\wamp64\www\basic\vendor\yiisoft\yii2\db\ActiveQuery.php(329): yii\db\Query->queryScalar('<span class="st...', '<span class="ke...')
#4 C:\wamp64\www\basic\vendor\yiisoft\yii2\db\Query.php(300): yii\db\ActiveQuery->queryScalar('<span class="st...', '<span class="ke...')
#5 C:\wamp64\www\basic\controllers\AutoController.php(17): yii\db\Query->count()
#6 [internal function]: app\controllers\AutoController->actionIndex()
#7 C:\wamp64\www\basic\vendor\yiisoft\yii2\base\InlineAction.php(55): call_user_func_array('[<span class="t...', '[]')
#8 C:\wamp64\www\basic\vendor\yiisoft\yii2\base\Controller.php(154): yii\base\InlineAction->runWithParams('[<span class="s...')
#9 C:\wamp64\www\basic\vendor\yiisoft\yii2\base\Module.php(454): yii\base\Controller->runAction('<span class="st...', '[<span class="s...')
#10 C:\wamp64\www\basic\vendor\yiisoft\yii2\web\Application.php(84): yii\base\Module->runAction('<span class="st...', '[<span class="s...')
#11 C:\wamp64\www\basic\vendor\yiisoft\yii2\base\Application.php(375): yii\web\Application->handleRequest(Object(yii\web\Request))
#12 C:\wamp64\www\basic\web\index.php(12): yii\base\Application->run()
#13 {main}
Additional Information:
Array
(
    [0] => 42S02
    [1] => 1146
    [2] => Table 'kat_auto.auto' doesn't exist
)

2016-03-17 17:53:29 [::1][-][-][info][application] $_GET = [
    'r' => 'auto/index'
]

$_COOKIE = [
    'vc' => '1'
    '_csrf' => '2c4a163140d45300310035f549531b1b848e6c538867648bbef6fd2060171ddca:2:{i:0;s:5:\"_csrf\";i:1;s:32:\"k-yxzTjcQTsEt_CqD4Y6EBISZLxp8sJw\";}'
    'PHPSESSID' => 'nduch9r5dlph7sqga8a0funkd0'
    '_identity' => '16f2dd4c34c30ba2410bfa18d44f3c621495a27d3dcb929730c0e685ec008291a:2:{i:0;s:9:\"_identity\";i:1;s:28:\"[\"100\",\"test100key\",2592000]\";}'
]

$_SERVER = [
    'HTTP_HOST' => 'localhost'
    'HTTP_CONNECTION' => 'keep-alive'
    'HTTP_CACHE_CONTROL' => 'max-age=0'
    'HTTP_ACCEPT' => 'text/html,application/xhtml+xml,application/xml;q=0.9,image/webp,*/*;q=0.8'
    'HTTP_UPGRADE_INSECURE_REQUESTS' => '1'
    'HTTP_USER_AGENT' => 'Mozilla/5.0 (Windows NT 6.1; WOW64) AppleWebKit/537.36 (KHTML, like Gecko) Chrome/49.0.2623.87 Safari/537.36'
    'HTTP_ACCEPT_ENCODING' => 'gzip, deflate, sdch'
    'HTTP_ACCEPT_LANGUAGE' => 'ru-RU,ru;q=0.8,en-US;q=0.6,en;q=0.4'
    'HTTP_COOKIE' => 'vc=1; _csrf=2c4a163140d45300310035f549531b1b848e6c538867648bbef6fd2060171ddca%3A2%3A%7Bi%3A0%3Bs%3A5%3A%22_csrf%22%3Bi%3A1%3Bs%3A32%3A%22k-yxzTjcQTsEt_CqD4Y6EBISZLxp8sJw%22%3B%7D; PHPSESSID=nduch9r5dlph7sqga8a0funkd0; _identity=16f2dd4c34c30ba2410bfa18d44f3c621495a27d3dcb929730c0e685ec008291a%3A2%3A%7Bi%3A0%3Bs%3A9%3A%22_identity%22%3Bi%3A1%3Bs%3A28%3A%22%5B%22100%22%2C%22test100key%22%2C2592000%5D%22%3B%7D'
    'PATH' => 'C:\\Windows\\system32;C:\\Windows;C:\\Windows\\System32\\Wbem;C:\\Windows\\System32\\WindowsPowerShell\\v1.0\\;C:\\Program Files (x86)\\QuickTime\\QTSystem\\;C:\\Program Files (x86)\\Skype\\Phone\\;C:\\Program Files (x86)\\Microsoft SQL Server\\100\\Tools\\Binn\\;C:\\Program Files\\Microsoft SQL Server\\100\\Tools\\Binn\\;C:\\Program Files\\Microsoft SQL Server\\100\\DTS\\Binn\\;C:\\Windows\\system32\\config\\systemprofile\\.dnx\\bin;C:\\Program Files\\Microsoft DNX\\Dnvm\\;C:\\wamp64\\bin\\php\\php7.0.0;C:\\ProgramData\\ComposerSetup\\bin;'
    'SystemRoot' => 'C:\\Windows'
    'COMSPEC' => 'C:\\Windows\\system32\\cmd.exe'
    'PATHEXT' => '.COM;.EXE;.BAT;.CMD;.VBS;.VBE;.JS;.JSE;.WSF;.WSH;.MSC'
    'WINDIR' => 'C:\\Windows'
    'SERVER_SIGNATURE' => '<address>Apache/2.4.17 (Win64) PHP/5.6.16 Server at localhost Port 80</address>
'
    'SERVER_SOFTWARE' => 'Apache/2.4.17 (Win64) PHP/5.6.16'
    'SERVER_NAME' => 'localhost'
    'SERVER_ADDR' => '::1'
    'SERVER_PORT' => '80'
    'REMOTE_ADDR' => '::1'
    'DOCUMENT_ROOT' => 'C:/wamp64/www/'
    'REQUEST_SCHEME' => 'http'
    'CONTEXT_PREFIX' => ''
    'CONTEXT_DOCUMENT_ROOT' => 'C:/wamp64/www/'
    'SERVER_ADMIN' => 'admin@example.com'
    'SCRIPT_FILENAME' => 'C:/wamp64/www/basic/web/index.php'
    'REMOTE_PORT' => '53417'
    'GATEWAY_INTERFACE' => 'CGI/1.1'
    'SERVER_PROTOCOL' => 'HTTP/1.1'
    'REQUEST_METHOD' => 'GET'
    'QUERY_STRING' => 'r=auto%2Findex'
    'REQUEST_URI' => '/basic/web/index.php?r=auto%2Findex'
    'SCRIPT_NAME' => '/basic/web/index.php'
    'PHP_SELF' => '/basic/web/index.php'
    'REQUEST_TIME_FLOAT' => 1458237209.206
    'REQUEST_TIME' => 1458237209
]
2016-03-17 18:06:15 [::1][-][-][error][yii\db\Exception] exception 'PDOException' with message 'SQLSTATE[42S02]: Base table or view not found: 1146 Table 'kat_auto.auto' doesn't exist' in C:\wamp64\www\basic\vendor\yiisoft\yii2\db\Command.php:840
Stack trace:
#0 C:\wamp64\www\basic\vendor\yiisoft\yii2\db\Command.php(840): PDOStatement->execute()
#1 C:\wamp64\www\basic\vendor\yiisoft\yii2\db\Command.php(388): yii\db\Command->queryInternal('<span class="st...', '<span class="nu...')
#2 C:\wamp64\www\basic\vendor\yiisoft\yii2\db\Query.php(393): yii\db\Command->queryScalar()
#3 C:\wamp64\www\basic\vendor\yiisoft\yii2\db\ActiveQuery.php(329): yii\db\Query->queryScalar('<span class="st...', '<span class="ke...')
#4 C:\wamp64\www\basic\vendor\yiisoft\yii2\db\Query.php(300): yii\db\ActiveQuery->queryScalar('<span class="st...', '<span class="ke...')
#5 C:\wamp64\www\basic\controllers\AutoController.php(17): yii\db\Query->count()
#6 [internal function]: app\controllers\AutoController->actionIndex()
#7 C:\wamp64\www\basic\vendor\yiisoft\yii2\base\InlineAction.php(55): call_user_func_array('[<span class="t...', '[]')
#8 C:\wamp64\www\basic\vendor\yiisoft\yii2\base\Controller.php(154): yii\base\InlineAction->runWithParams('[<span class="s...')
#9 C:\wamp64\www\basic\vendor\yiisoft\yii2\base\Module.php(454): yii\base\Controller->runAction('<span class="st...', '[<span class="s...')
#10 C:\wamp64\www\basic\vendor\yiisoft\yii2\web\Application.php(84): yii\base\Module->runAction('<span class="st...', '[<span class="s...')
#11 C:\wamp64\www\basic\vendor\yiisoft\yii2\base\Application.php(375): yii\web\Application->handleRequest(Object(yii\web\Request))
#12 C:\wamp64\www\basic\web\index.php(12): yii\base\Application->run()
#13 {main}

Next exception 'yii\db\Exception' with message 'SQLSTATE[42S02]: Base table or view not found: 1146 Table 'kat_auto.auto' doesn't exist
The SQL being executed was: SELECT COUNT(*) FROM `auto`' in C:\wamp64\www\basic\vendor\yiisoft\yii2\db\Schema.php:628
Stack trace:
#0 C:\wamp64\www\basic\vendor\yiisoft\yii2\db\Command.php(855): yii\db\Schema->convertException(Object(PDOException), 'SELECT COUNT(*)...')
#1 C:\wamp64\www\basic\vendor\yiisoft\yii2\db\Command.php(388): yii\db\Command->queryInternal('<span class="st...', '<span class="nu...')
#2 C:\wamp64\www\basic\vendor\yiisoft\yii2\db\Query.php(393): yii\db\Command->queryScalar()
#3 C:\wamp64\www\basic\vendor\yiisoft\yii2\db\ActiveQuery.php(329): yii\db\Query->queryScalar('<span class="st...', '<span class="ke...')
#4 C:\wamp64\www\basic\vendor\yiisoft\yii2\db\Query.php(300): yii\db\ActiveQuery->queryScalar('<span class="st...', '<span class="ke...')
#5 C:\wamp64\www\basic\controllers\AutoController.php(17): yii\db\Query->count()
#6 [internal function]: app\controllers\AutoController->actionIndex()
#7 C:\wamp64\www\basic\vendor\yiisoft\yii2\base\InlineAction.php(55): call_user_func_array('[<span class="t...', '[]')
#8 C:\wamp64\www\basic\vendor\yiisoft\yii2\base\Controller.php(154): yii\base\InlineAction->runWithParams('[<span class="s...')
#9 C:\wamp64\www\basic\vendor\yiisoft\yii2\base\Module.php(454): yii\base\Controller->runAction('<span class="st...', '[<span class="s...')
#10 C:\wamp64\www\basic\vendor\yiisoft\yii2\web\Application.php(84): yii\base\Module->runAction('<span class="st...', '[<span class="s...')
#11 C:\wamp64\www\basic\vendor\yiisoft\yii2\base\Application.php(375): yii\web\Application->handleRequest(Object(yii\web\Request))
#12 C:\wamp64\www\basic\web\index.php(12): yii\base\Application->run()
#13 {main}
Additional Information:
Array
(
    [0] => 42S02
    [1] => 1146
    [2] => Table 'kat_auto.auto' doesn't exist
)

2016-03-17 18:06:14 [::1][-][-][info][application] $_GET = [
    'r' => 'auto/index'
]

$_COOKIE = [
    'vc' => '1'
    '_csrf' => '2c4a163140d45300310035f549531b1b848e6c538867648bbef6fd2060171ddca:2:{i:0;s:5:\"_csrf\";i:1;s:32:\"k-yxzTjcQTsEt_CqD4Y6EBISZLxp8sJw\";}'
    '_identity' => '16f2dd4c34c30ba2410bfa18d44f3c621495a27d3dcb929730c0e685ec008291a:2:{i:0;s:9:\"_identity\";i:1;s:28:\"[\"100\",\"test100key\",2592000]\";}'
    'PHPSESSID' => 'nduch9r5dlph7sqga8a0funkd0'
]

$_SERVER = [
    'HTTP_HOST' => 'localhost'
    'HTTP_CONNECTION' => 'keep-alive'
    'HTTP_ACCEPT' => 'text/html,application/xhtml+xml,application/xml;q=0.9,image/webp,*/*;q=0.8'
    'HTTP_UPGRADE_INSECURE_REQUESTS' => '1'
    'HTTP_USER_AGENT' => 'Mozilla/5.0 (Windows NT 6.1; WOW64) AppleWebKit/537.36 (KHTML, like Gecko) Chrome/49.0.2623.87 Safari/537.36'
    'HTTP_ACCEPT_ENCODING' => 'gzip, deflate, sdch'
    'HTTP_ACCEPT_LANGUAGE' => 'ru-RU,ru;q=0.8,en-US;q=0.6,en;q=0.4'
    'HTTP_COOKIE' => 'vc=1; _csrf=2c4a163140d45300310035f549531b1b848e6c538867648bbef6fd2060171ddca%3A2%3A%7Bi%3A0%3Bs%3A5%3A%22_csrf%22%3Bi%3A1%3Bs%3A32%3A%22k-yxzTjcQTsEt_CqD4Y6EBISZLxp8sJw%22%3B%7D; _identity=16f2dd4c34c30ba2410bfa18d44f3c621495a27d3dcb929730c0e685ec008291a%3A2%3A%7Bi%3A0%3Bs%3A9%3A%22_identity%22%3Bi%3A1%3Bs%3A28%3A%22%5B%22100%22%2C%22test100key%22%2C2592000%5D%22%3B%7D; PHPSESSID=nduch9r5dlph7sqga8a0funkd0'
    'PATH' => 'C:\\Windows\\system32;C:\\Windows;C:\\Windows\\System32\\Wbem;C:\\Windows\\System32\\WindowsPowerShell\\v1.0\\;C:\\Program Files (x86)\\QuickTime\\QTSystem\\;C:\\Program Files (x86)\\Skype\\Phone\\;C:\\Program Files (x86)\\Microsoft SQL Server\\100\\Tools\\Binn\\;C:\\Program Files\\Microsoft SQL Server\\100\\Tools\\Binn\\;C:\\Program Files\\Microsoft SQL Server\\100\\DTS\\Binn\\;C:\\Windows\\system32\\config\\systemprofile\\.dnx\\bin;C:\\Program Files\\Microsoft DNX\\Dnvm\\;C:\\wamp64\\bin\\php\\php7.0.0;C:\\ProgramData\\ComposerSetup\\bin;'
    'SystemRoot' => 'C:\\Windows'
    'COMSPEC' => 'C:\\Windows\\system32\\cmd.exe'
    'PATHEXT' => '.COM;.EXE;.BAT;.CMD;.VBS;.VBE;.JS;.JSE;.WSF;.WSH;.MSC'
    'WINDIR' => 'C:\\Windows'
    'SERVER_SIGNATURE' => '<address>Apache/2.4.17 (Win64) PHP/5.6.16 Server at localhost Port 80</address>
'
    'SERVER_SOFTWARE' => 'Apache/2.4.17 (Win64) PHP/5.6.16'
    'SERVER_NAME' => 'localhost'
    'SERVER_ADDR' => '::1'
    'SERVER_PORT' => '80'
    'REMOTE_ADDR' => '::1'
    'DOCUMENT_ROOT' => 'C:/wamp64/www/'
    'REQUEST_SCHEME' => 'http'
    'CONTEXT_PREFIX' => ''
    'CONTEXT_DOCUMENT_ROOT' => 'C:/wamp64/www/'
    'SERVER_ADMIN' => 'admin@example.com'
    'SCRIPT_FILENAME' => 'C:/wamp64/www/basic/web/index.php'
    'REMOTE_PORT' => '53610'
    'GATEWAY_INTERFACE' => 'CGI/1.1'
    'SERVER_PROTOCOL' => 'HTTP/1.1'
    'REQUEST_METHOD' => 'GET'
    'QUERY_STRING' => 'r=auto%2Findex'
    'REQUEST_URI' => '/basic/web/index.php?r=auto%2Findex'
    'SCRIPT_NAME' => '/basic/web/index.php'
    'PHP_SELF' => '/basic/web/index.php'
    'REQUEST_TIME_FLOAT' => 1458237974.93
    'REQUEST_TIME' => 1458237974
]
2016-03-17 19:20:29 [::1][100][nduch9r5dlph7sqga8a0funkd0][error][yii\web\HttpException:404] exception 'yii\base\InvalidRouteException' with message 'Unable to resolve the request "katauto/index".' in C:\wamp64\www\basic\vendor\yiisoft\yii2\base\Module.php:460
Stack trace:
#0 C:\wamp64\www\basic\vendor\yiisoft\yii2\web\Application.php(84): yii\base\Module->runAction('katauto/index', Array)
#1 C:\wamp64\www\basic\vendor\yiisoft\yii2\base\Application.php(375): yii\web\Application->handleRequest(Object(yii\web\Request))
#2 C:\wamp64\www\basic\web\index.php(12): yii\base\Application->run()
#3 {main}

Next exception 'yii\web\NotFoundHttpException' with message 'Page not found.' in C:\wamp64\www\basic\vendor\yiisoft\yii2\web\Application.php:96
Stack trace:
#0 C:\wamp64\www\basic\vendor\yiisoft\yii2\base\Application.php(375): yii\web\Application->handleRequest(Object(yii\web\Request))
#1 C:\wamp64\www\basic\web\index.php(12): yii\base\Application->run()
#2 {main}
2016-03-17 19:20:29 [::1][100][nduch9r5dlph7sqga8a0funkd0][info][application] $_GET = [
    'r' => 'katauto/index'
]

$_COOKIE = [
    'vc' => '1'
    '_csrf' => '2c4a163140d45300310035f549531b1b848e6c538867648bbef6fd2060171ddca:2:{i:0;s:5:\"_csrf\";i:1;s:32:\"k-yxzTjcQTsEt_CqD4Y6EBISZLxp8sJw\";}'
    '_identity' => '16f2dd4c34c30ba2410bfa18d44f3c621495a27d3dcb929730c0e685ec008291a:2:{i:0;s:9:\"_identity\";i:1;s:28:\"[\"100\",\"test100key\",2592000]\";}'
    'PHPSESSID' => 'nduch9r5dlph7sqga8a0funkd0'
]

$_SESSION = [
    '__flash' => []
    '__id' => '100'
    '__captcha/site/captcha' => 'juciais'
    '__captcha/site/captchacount' => 1
]

$_SERVER = [
    'HTTP_HOST' => 'localhost'
    'HTTP_CONNECTION' => 'keep-alive'
    'HTTP_ACCEPT' => 'text/html,application/xhtml+xml,application/xml;q=0.9,image/webp,*/*;q=0.8'
    'HTTP_UPGRADE_INSECURE_REQUESTS' => '1'
    'HTTP_USER_AGENT' => 'Mozilla/5.0 (Windows NT 6.1; WOW64) AppleWebKit/537.36 (KHTML, like Gecko) Chrome/49.0.2623.87 Safari/537.36'
    'HTTP_ACCEPT_ENCODING' => 'gzip, deflate, sdch'
    'HTTP_ACCEPT_LANGUAGE' => 'ru-RU,ru;q=0.8,en-US;q=0.6,en;q=0.4'
    'HTTP_COOKIE' => 'vc=1; _csrf=2c4a163140d45300310035f549531b1b848e6c538867648bbef6fd2060171ddca%3A2%3A%7Bi%3A0%3Bs%3A5%3A%22_csrf%22%3Bi%3A1%3Bs%3A32%3A%22k-yxzTjcQTsEt_CqD4Y6EBISZLxp8sJw%22%3B%7D; _identity=16f2dd4c34c30ba2410bfa18d44f3c621495a27d3dcb929730c0e685ec008291a%3A2%3A%7Bi%3A0%3Bs%3A9%3A%22_identity%22%3Bi%3A1%3Bs%3A28%3A%22%5B%22100%22%2C%22test100key%22%2C2592000%5D%22%3B%7D; PHPSESSID=nduch9r5dlph7sqga8a0funkd0'
    'PATH' => 'C:\\Windows\\system32;C:\\Windows;C:\\Windows\\System32\\Wbem;C:\\Windows\\System32\\WindowsPowerShell\\v1.0\\;C:\\Program Files (x86)\\QuickTime\\QTSystem\\;C:\\Program Files (x86)\\Skype\\Phone\\;C:\\Program Files (x86)\\Microsoft SQL Server\\100\\Tools\\Binn\\;C:\\Program Files\\Microsoft SQL Server\\100\\Tools\\Binn\\;C:\\Program Files\\Microsoft SQL Server\\100\\DTS\\Binn\\;C:\\Windows\\system32\\config\\systemprofile\\.dnx\\bin;C:\\Program Files\\Microsoft DNX\\Dnvm\\;C:\\wamp64\\bin\\php\\php7.0.0;C:\\ProgramData\\ComposerSetup\\bin;'
    'SystemRoot' => 'C:\\Windows'
    'COMSPEC' => 'C:\\Windows\\system32\\cmd.exe'
    'PATHEXT' => '.COM;.EXE;.BAT;.CMD;.VBS;.VBE;.JS;.JSE;.WSF;.WSH;.MSC'
    'WINDIR' => 'C:\\Windows'
    'SERVER_SIGNATURE' => '<address>Apache/2.4.17 (Win64) PHP/5.6.16 Server at localhost Port 80</address>
'
    'SERVER_SOFTWARE' => 'Apache/2.4.17 (Win64) PHP/5.6.16'
    'SERVER_NAME' => 'localhost'
    'SERVER_ADDR' => '::1'
    'SERVER_PORT' => '80'
    'REMOTE_ADDR' => '::1'
    'DOCUMENT_ROOT' => 'C:/wamp64/www/'
    'REQUEST_SCHEME' => 'http'
    'CONTEXT_PREFIX' => ''
    'CONTEXT_DOCUMENT_ROOT' => 'C:/wamp64/www/'
    'SERVER_ADMIN' => 'admin@example.com'
    'SCRIPT_FILENAME' => 'C:/wamp64/www/basic/web/index.php'
    'REMOTE_PORT' => '54565'
    'GATEWAY_INTERFACE' => 'CGI/1.1'
    'SERVER_PROTOCOL' => 'HTTP/1.1'
    'REQUEST_METHOD' => 'GET'
    'QUERY_STRING' => 'r=katauto%2Findex'
    'REQUEST_URI' => '/basic/web/index.php?r=katauto%2Findex'
    'SCRIPT_NAME' => '/basic/web/index.php'
    'PHP_SELF' => '/basic/web/index.php'
    'REQUEST_TIME_FLOAT' => 1458242429.856
    'REQUEST_TIME' => 1458242429
]
2016-03-17 19:20:41 [::1][100][nduch9r5dlph7sqga8a0funkd0][error][yii\web\HttpException:404] exception 'yii\base\InvalidRouteException' with message 'Unable to resolve the request "kat_auto/index".' in C:\wamp64\www\basic\vendor\yiisoft\yii2\base\Module.php:460
Stack trace:
#0 C:\wamp64\www\basic\vendor\yiisoft\yii2\web\Application.php(84): yii\base\Module->runAction('kat_auto/index', Array)
#1 C:\wamp64\www\basic\vendor\yiisoft\yii2\base\Application.php(375): yii\web\Application->handleRequest(Object(yii\web\Request))
#2 C:\wamp64\www\basic\web\index.php(12): yii\base\Application->run()
#3 {main}

Next exception 'yii\web\NotFoundHttpException' with message 'Page not found.' in C:\wamp64\www\basic\vendor\yiisoft\yii2\web\Application.php:96
Stack trace:
#0 C:\wamp64\www\basic\vendor\yiisoft\yii2\base\Application.php(375): yii\web\Application->handleRequest(Object(yii\web\Request))
#1 C:\wamp64\www\basic\web\index.php(12): yii\base\Application->run()
#2 {main}
2016-03-17 19:20:41 [::1][100][nduch9r5dlph7sqga8a0funkd0][info][application] $_GET = [
    'r' => 'kat_auto/index'
]

$_COOKIE = [
    'vc' => '1'
    '_csrf' => '2c4a163140d45300310035f549531b1b848e6c538867648bbef6fd2060171ddca:2:{i:0;s:5:\"_csrf\";i:1;s:32:\"k-yxzTjcQTsEt_CqD4Y6EBISZLxp8sJw\";}'
    'PHPSESSID' => 'nduch9r5dlph7sqga8a0funkd0'
    '_identity' => '16f2dd4c34c30ba2410bfa18d44f3c621495a27d3dcb929730c0e685ec008291a:2:{i:0;s:9:\"_identity\";i:1;s:28:\"[\"100\",\"test100key\",2592000]\";}'
]

$_SESSION = [
    '__flash' => []
    '__id' => '100'
    '__captcha/site/captcha' => 'juciais'
    '__captcha/site/captchacount' => 1
]

$_SERVER = [
    'HTTP_HOST' => 'localhost'
    'HTTP_CONNECTION' => 'keep-alive'
    'HTTP_ACCEPT' => 'text/html,application/xhtml+xml,application/xml;q=0.9,image/webp,*/*;q=0.8'
    'HTTP_UPGRADE_INSECURE_REQUESTS' => '1'
    'HTTP_USER_AGENT' => 'Mozilla/5.0 (Windows NT 6.1; WOW64) AppleWebKit/537.36 (KHTML, like Gecko) Chrome/49.0.2623.87 Safari/537.36'
    'HTTP_ACCEPT_ENCODING' => 'gzip, deflate, sdch'
    'HTTP_ACCEPT_LANGUAGE' => 'ru-RU,ru;q=0.8,en-US;q=0.6,en;q=0.4'
    'HTTP_COOKIE' => 'vc=1; _csrf=2c4a163140d45300310035f549531b1b848e6c538867648bbef6fd2060171ddca%3A2%3A%7Bi%3A0%3Bs%3A5%3A%22_csrf%22%3Bi%3A1%3Bs%3A32%3A%22k-yxzTjcQTsEt_CqD4Y6EBISZLxp8sJw%22%3B%7D; PHPSESSID=nduch9r5dlph7sqga8a0funkd0; _identity=16f2dd4c34c30ba2410bfa18d44f3c621495a27d3dcb929730c0e685ec008291a%3A2%3A%7Bi%3A0%3Bs%3A9%3A%22_identity%22%3Bi%3A1%3Bs%3A28%3A%22%5B%22100%22%2C%22test100key%22%2C2592000%5D%22%3B%7D'
    'PATH' => 'C:\\Windows\\system32;C:\\Windows;C:\\Windows\\System32\\Wbem;C:\\Windows\\System32\\WindowsPowerShell\\v1.0\\;C:\\Program Files (x86)\\QuickTime\\QTSystem\\;C:\\Program Files (x86)\\Skype\\Phone\\;C:\\Program Files (x86)\\Microsoft SQL Server\\100\\Tools\\Binn\\;C:\\Program Files\\Microsoft SQL Server\\100\\Tools\\Binn\\;C:\\Program Files\\Microsoft SQL Server\\100\\DTS\\Binn\\;C:\\Windows\\system32\\config\\systemprofile\\.dnx\\bin;C:\\Program Files\\Microsoft DNX\\Dnvm\\;C:\\wamp64\\bin\\php\\php7.0.0;C:\\ProgramData\\ComposerSetup\\bin;'
    'SystemRoot' => 'C:\\Windows'
    'COMSPEC' => 'C:\\Windows\\system32\\cmd.exe'
    'PATHEXT' => '.COM;.EXE;.BAT;.CMD;.VBS;.VBE;.JS;.JSE;.WSF;.WSH;.MSC'
    'WINDIR' => 'C:\\Windows'
    'SERVER_SIGNATURE' => '<address>Apache/2.4.17 (Win64) PHP/5.6.16 Server at localhost Port 80</address>
'
    'SERVER_SOFTWARE' => 'Apache/2.4.17 (Win64) PHP/5.6.16'
    'SERVER_NAME' => 'localhost'
    'SERVER_ADDR' => '::1'
    'SERVER_PORT' => '80'
    'REMOTE_ADDR' => '::1'
    'DOCUMENT_ROOT' => 'C:/wamp64/www/'
    'REQUEST_SCHEME' => 'http'
    'CONTEXT_PREFIX' => ''
    'CONTEXT_DOCUMENT_ROOT' => 'C:/wamp64/www/'
    'SERVER_ADMIN' => 'admin@example.com'
    'SCRIPT_FILENAME' => 'C:/wamp64/www/basic/web/index.php'
    'REMOTE_PORT' => '54571'
    'GATEWAY_INTERFACE' => 'CGI/1.1'
    'SERVER_PROTOCOL' => 'HTTP/1.1'
    'REQUEST_METHOD' => 'GET'
    'QUERY_STRING' => 'r=kat_auto%2Findex'
    'REQUEST_URI' => '/basic/web/index.php?r=kat_auto%2Findex'
    'SCRIPT_NAME' => '/basic/web/index.php'
    'PHP_SELF' => '/basic/web/index.php'
    'REQUEST_TIME_FLOAT' => 1458242441.061
    'REQUEST_TIME' => 1458242441
]
